<?xml version="1.0" encoding="UTF-8"?>
<testng-results ignored="0" total="1" passed="1" failed="0" skipped="0">
  <reporter-output>
  </reporter-output>
  <suite started-at="2023-06-18T00:11:05 EET" name="BDD Test Suite" finished-at="2023-06-18T00:11:59 EET" duration-ms="53906">
    <groups>
      <group name="cucumber">
        <method signature="AbstractTestNGCucumberTests.runScenario(io.cucumber.testng.PickleWrapper, io.cucumber.testng.FeatureWrapper)[pri:0, instance:TestRunner.RunnerTest@2898ac89]" name="runScenario" class="io.cucumber.testng.AbstractTestNGCucumberTests"/>
      </group> <!-- cucumber -->
    </groups>
    <test started-at="2023-06-18T00:11:05 EET" name="ChromeDocker" finished-at="2023-06-18T00:11:59 EET" duration-ms="53906">
      <class name="TestRunner.RunnerTest">
        <test-method is-config="true" signature="setUpClass()[pri:0, instance:TestRunner.RunnerTest@2898ac89]" started-at="2023-06-18T00:11:05 EET" name="setUpClass" finished-at="2023-06-18T00:11:06 EET" duration-ms="413" status="PASS">
          <reporter-output>
          </reporter-output>
        </test-method> <!-- setUpClass -->
        <test-method is-config="true" signature="SetUp(java.lang.String)[pri:0, instance:TestRunner.RunnerTest@2898ac89]" started-at="2023-06-18T00:11:06 EET" name="SetUp" finished-at="2023-06-18T00:11:14 EET" duration-ms="8304" status="PASS">
          <params>
            <param index="0">
              <value>
                <![CDATA[ChromeDocker]]>
              </value>
            </param>
          </params>
          <reporter-output>
          </reporter-output>
        </test-method> <!-- SetUp -->
        <test-method signature="runScenario(io.cucumber.testng.PickleWrapper, io.cucumber.testng.FeatureWrapper)[pri:0, instance:TestRunner.RunnerTest@2898ac89]" started-at="2023-06-18T00:11:14 EET" name="runScenario" description="Runs Cucumber Scenarios" data-provider="scenarios" finished-at="2023-06-18T00:11:59 EET" duration-ms="45140" status="PASS">
          <params>
            <param index="0">
              <value>
                <![CDATA["Subscription Packages"]]>
              </value>
            </param>
            <param index="1">
              <value>
                <![CDATA["Title of your feature"]]>
              </value>
            </param>
          </params>
          <reporter-output>
          </reporter-output>
        </test-method> <!-- runScenario -->
        <test-method is-config="true" signature="TearDown()[pri:0, instance:TestRunner.RunnerTest@2898ac89]" started-at="2023-06-18T00:11:59 EET" name="TearDown" finished-at="2023-06-18T00:11:59 EET" duration-ms="1" status="PASS">
          <reporter-output>
          </reporter-output>
        </test-method> <!-- TearDown -->
        <test-method is-config="true" signature="tearDownClass()[pri:0, instance:TestRunner.RunnerTest@2898ac89]" started-at="2023-06-18T00:11:59 EET" name="tearDownClass" finished-at="2023-06-18T00:11:59 EET" duration-ms="1" status="PASS">
          <reporter-output>
          </reporter-output>
        </test-method> <!-- tearDownClass -->
      </class> <!-- TestRunner.RunnerTest -->
    </test> <!-- ChromeDocker -->
  </suite> <!-- BDD Test Suite -->
</testng-results>
